C51 COMPILER V9.53.0.0   BBCHIP8_MAIN                                                      01/12/2018 16:50:02 PAGE 1   


C51 COMPILER V9.53.0.0, COMPILATION OF MODULE BBCHIP8_MAIN
OBJECT MODULE PLACED IN .\src\BBchip8_main.OBJ
COMPILER INVOKED BY: c:\SiliconLabs\SimplicityStudio\v4\developer\toolchains\keil_8051\9.53\BIN\C51.exe C:\Users\Jacques
                    -\SimplicityStudio\v4_workspace\BBchip8\src\BBchip8_main.c OMF2 SMALL DEBUG OBJECTEXTEND ROM(LARGE) WARNINGLEVEL(2) FLOAT
                    -FUZZY(3) OPTIMIZE(9,SPEED) DEFINE(NDEBUG=1) INTVECTOR(0X0000) INTPROMOTE INCDIR(C:\Users\Jacques\SimplicityStudio\v4_wor
                    -kspace\BBchip8\inc;C:/SiliconLabs/SimplicityStudio/v4/developer/sdks/8051/v4.1.0//Device/shared/si8051base;C:/SiliconLab
                    -s/SimplicityStudio/v4/developer/sdks/8051/v4.1.0//Device/EFM8BB1/inc) REGFILE(BBchip8.ORC) PRINT(.\src\BBchip8_main.lst)
                    - COND CODE PAGEWIDTH(120) PAGELENGTH(65) OBJECT(.\src\BBchip8_main.OBJ)

line level    source

   1          //=========================================================
   2          // src/envahisseurs_main.c: generated by Hardware Configurator
   3          //
   4          // This file will be updated when saving a document.
   5          // leave the sections inside the "$[...]" comment tags alone
   6          // or they will be overwritten!!
   7          //=========================================================
   8          
   9          //-----------------------------------------------------------------------------
  10          // Includes
  11          //-----------------------------------------------------------------------------
  12          #include <SI_EFM8BB1_Register_Enums.h>                  // SFR declarations
  13          #include "InitDevice.h"
  14          // $[Generated Includes]
  15          // [Generated Includes]$
  16          #include "chip8.h"
  17          #include "keypad.h"
  18          
  19          //-----------------------------------------------------------------------------
  20          // SiLabs_Startup() Routine
  21          // ----------------------------------------------------------------------------
  22          // This function is called immediately after reset, before the initialization
  23          // code is run in SILABS_STARTUP.A51 (which runs before main() ). This is a
  24          // useful place to disable the watchdog timer, which is enable by default
  25          // and may trigger before main() in some instances.
  26          //-----------------------------------------------------------------------------
  27          void SiLabs_Startup (void)
  28          {
  29   1        // $[SiLabs Startup]
  30   1        // [SiLabs Startup]$
  31   1              clr_scr();
  32   1      }
  33          
  34          extern void  breakout();
  35          extern void breakout_screen();
  36          extern void test();
  37          
  38          //-----------------------------------------------------------------------------
  39          // main() Routine
  40          // ----------------------------------------------------------------------------
  41          int main (void)
  42          {
  43   1        // Call hardware initialization routine
  44   1        enter_DefaultMode_from_RESET();
  45   1      
  46   1        breakout_screen();
  47   1        while (1)
  48   1        {
  49   2          // $[Generated Run-time code]
  50   2          // [Generated Run-time code]$
  51   2                breakout();
C51 COMPILER V9.53.0.0   BBCHIP8_MAIN                                                      01/12/2018 16:50:02 PAGE 2   

  52   2        }
  53   1      }
  54          
  55          
C51 COMPILER V9.53.0.0   BBCHIP8_MAIN                                                      01/12/2018 16:50:02 PAGE 3   

ASSEMBLY LISTING OF GENERATED OBJECT CODE


             ; FUNCTION SiLabs_Startup (BEGIN)
                                           ; SOURCE LINE # 27
                                           ; SOURCE LINE # 28
                                           ; SOURCE LINE # 31
0000 020000      E     LJMP    clr_scr
             ; FUNCTION SiLabs_Startup (END)

             ; FUNCTION main (BEGIN)
                                           ; SOURCE LINE # 41
                                           ; SOURCE LINE # 42
                                           ; SOURCE LINE # 44
0000 120000      E     LCALL   enter_DefaultMode_from_RESET
                                           ; SOURCE LINE # 46
0003 120000      E     LCALL   breakout_screen
0006         ?C0002:
                                           ; SOURCE LINE # 47
                                           ; SOURCE LINE # 48
                                           ; SOURCE LINE # 51
0006 120000      E     LCALL   breakout
                                           ; SOURCE LINE # 52
0009 80FB              SJMP    ?C0002
             ; FUNCTION main (END)



MODULE INFORMATION:   STATIC OVERLAYABLE
   CODE SIZE        =     14    ----
   CONSTANT SIZE    =   ----    ----
   XDATA SIZE       =   ----    ----
   PDATA SIZE       =   ----    ----
   DATA SIZE        =   ----    ----
   IDATA SIZE       =   ----    ----
   BIT SIZE         =   ----    ----
   EDATA SIZE       =   ----    ----
   HDATA SIZE       =   ----    ----
   XDATA CONST SIZE =   ----    ----
   FAR CONST SIZE   =   ----    ----
END OF MODULE INFORMATION.


C51 COMPILATION COMPLETE.  0 WARNING(S),  0 ERROR(S)
